<?xml version="1.0" encoding="UTF-8"?>
<!-- Generated by org.testng.reporters.JUnitReportReporter -->
<testsuite hostname="ANasser-8470p" name="com.xirrus.xms.TS_Array_Services.TC_Services_Netflow" tests="11" failures="11" timestamp="7 Mar 2015 14:49:38 GMT" time="0.215" errors="0">
  <testcase name="testCase_verifyNetflowDisable" time="0.020" classname="com.xirrus.xms.TS_Array_Services.TC_Services_Netflow"/>
  <testcase name="testCase_verifyNetflowCollectorPortEdit" time="0.000" classname="com.xirrus.xms.TS_Array_Services.TC_Services_Netflow"/>
  <testcase name="testCase_verifyNetflowCollectorHostEdit" time="0.000" classname="com.xirrus.xms.TS_Array_Services.TC_Services_Netflow"/>
  <testcase name="testCase_verifyNetflowDefaultCollectorPort" time="0.000" classname="com.xirrus.xms.TS_Array_Services.TC_Services_Netflow"/>
  <testcase name="testCase_verifyNetflowVersionV5" time="0.184" classname="com.xirrus.xms.TS_Array_Services.TC_Services_Netflow"/>
  <testcase name="testCase_verifyNetflowCollectorHostFieldValidation" time="0.000" classname="com.xirrus.xms.TS_Array_Services.TC_Services_Netflow"/>
  <testcase name="testCase_verifyNetflowDefaultVersion" time="0.001" classname="com.xirrus.xms.TS_Array_Services.TC_Services_Netflow"/>
  <testcase name="testCase_verifyNetflowCollectorPortFieldValidation" time="0.000" classname="com.xirrus.xms.TS_Array_Services.TC_Services_Netflow"/>
  <testcase name="testCase_verifyNetflowDefaultCollectorHost" time="0.000" classname="com.xirrus.xms.TS_Array_Services.TC_Services_Netflow"/>
  <testcase name="testCase_verifyNetflowVersionIPFIX" time="0.000" classname="com.xirrus.xms.TS_Array_Services.TC_Services_Netflow"/>
  <testcase name="testCase_verifyNetflowVersionV6" time="0.010" classname="com.xirrus.xms.TS_Array_Services.TC_Services_Netflow"/>
</testsuite> <!-- com.xirrus.xms.TS_Array_Services.TC_Services_Netflow -->
