<?xml version="1.0" encoding="UTF-8"?>
<!-- Generated by org.testng.reporters.JUnitReportReporter -->
<testsuite hostname="ANasser-8470p" name="com.xirrus.xms.TS_ArrayConfiguration.TC_ArrayConfig_GeneralSettings" tests="1" failures="0" timestamp="17 Mar 2015 20:44:33 GMT" time="17.047" errors="0">
  <testcase name="testCase_VerifyArrayConfig_GeneralSettingsParameters" time="17.047" classname="com.xirrus.xms.TS_ArrayConfiguration.TC_ArrayConfig_GeneralSettings"/>
</testsuite> <!-- com.xirrus.xms.TS_ArrayConfiguration.TC_ArrayConfig_GeneralSettings -->
