<?xml version="1.0" encoding="UTF-8"?>
<!-- Generated by org.testng.reporters.JUnitReportReporter -->
<testsuite hostname="ANasser-8470p" name="com.xirrus.xms.TS_Array_General.TC_GeneralSett_Contact" tests="5" failures="5" timestamp="7 Mar 2015 14:49:38 GMT" time="0.040" errors="0">
  <testcase name="testCase_VerifydefaultAdminContactvalue" time="0.000" classname="com.xirrus.xms.TS_Array_General.TC_GeneralSett_Contact"/>
  <testcase name="testCase_VerifyAdminContactFieldvalidation" time="0.000" classname="com.xirrus.xms.TS_Array_General.TC_GeneralSett_Contact"/>
  <testcase name="testCase_VerifyAdminContactEmptyValue" time="0.010" classname="com.xirrus.xms.TS_Array_General.TC_GeneralSett_Contact"/>
  <testcase name="testCase_VerifyAdminContactSetValue" time="0.030" classname="com.xirrus.xms.TS_Array_General.TC_GeneralSett_Contact"/>
  <testcase name="testCase_VerifyAdminContactEditValue" time="0.000" classname="com.xirrus.xms.TS_Array_General.TC_GeneralSett_Contact"/>
</testsuite> <!-- com.xirrus.xms.TS_Array_General.TC_GeneralSett_Contact -->
