<?xml version="1.0" encoding="UTF-8"?>
<!-- Generated by org.testng.reporters.JUnitReportReporter -->
<testsuite hostname="ANasser-8470p" name="com.xirrus.xms.TS_Array_Network.TC_Network_CDP" tests="5" failures="5" timestamp="7 Mar 2015 14:49:38 GMT" time="0.000" errors="0">
  <testcase name="testCase_verifyCDPStateEnableValue" time="0.000" classname="com.xirrus.xms.TS_Array_Network.TC_Network_CDP"/>
  <testcase name="testCase_verifyCDPStateIntervalHoldTimeDefaultvalue" time="0.000" classname="com.xirrus.xms.TS_Array_Network.TC_Network_CDP"/>
  <testcase name="testCase_verifyCDPStateDisableValue" time="0.000" classname="com.xirrus.xms.TS_Array_Network.TC_Network_CDP"/>
  <testcase name="testCase_verifyCDPIntervalHoldTimeEditValue" time="0.000" classname="com.xirrus.xms.TS_Array_Network.TC_Network_CDP"/>
  <testcase name="testCase_verifyCDPIntervalHoldTimeFieldValidation" time="0.000" classname="com.xirrus.xms.TS_Array_Network.TC_Network_CDP"/>
</testsuite> <!-- com.xirrus.xms.TS_Array_Network.TC_Network_CDP -->
