<?xml version="1.0" encoding="UTF-8"?>
<!-- Generated by org.testng.reporters.JUnitReportReporter -->
<testsuite hostname="ANasser-8470p" name="com.xirrus.xms.TS_Array_Services.TC_Services_WiFiTag" tests="11" failures="11" timestamp="7 Mar 2015 14:49:38 GMT" time="0.190" errors="0">
  <testcase name="testCase_verifyWiFiTagDefaultUDPPortValue" time="0.000" classname="com.xirrus.xms.TS_Array_Services.TC_Services_WiFiTag"/>
  <testcase name="testCase_verifyWiFiTagUDPPortValueEdit" time="0.000" classname="com.xirrus.xms.TS_Array_Services.TC_Services_WiFiTag"/>
  <testcase name="testCase_verifyWiFiTagSupportDisable" time="0.000" classname="com.xirrus.xms.TS_Array_Services.TC_Services_WiFiTag"/>
  <testcase name="testCase_verifyWiFiTagEkahauSrvrDefaultValue" time="0.000" classname="com.xirrus.xms.TS_Array_Services.TC_Services_WiFiTag"/>
  <testcase name="testCase_verifyWiFiTagUDPPortFieldValidation" time="0.000" classname="com.xirrus.xms.TS_Array_Services.TC_Services_WiFiTag"/>
  <testcase name="testCase_verifyWiFiTagChannelDefaultValue" time="0.000" classname="com.xirrus.xms.TS_Array_Services.TC_Services_WiFiTag"/>
  <testcase name="testCase_verifyWiFiTagDefaultState" time="0.000" classname="com.xirrus.xms.TS_Array_Services.TC_Services_WiFiTag"/>
  <testcase name="testCase_verifyWiFiTagEkahauSrvrEdit" time="0.180" classname="com.xirrus.xms.TS_Array_Services.TC_Services_WiFiTag"/>
  <testcase name="testCase_verifyWiFiTagEkahauSrvrFieldValidation" time="0.000" classname="com.xirrus.xms.TS_Array_Services.TC_Services_WiFiTag"/>
  <testcase name="testCase_verifyWiFiTagEnableState" time="0.010" classname="com.xirrus.xms.TS_Array_Services.TC_Services_WiFiTag"/>
  <testcase name="testCase_verifyWiFiTagChannelValueEdit" time="0.000" classname="com.xirrus.xms.TS_Array_Services.TC_Services_WiFiTag"/>
</testsuite> <!-- com.xirrus.xms.TS_Array_Services.TC_Services_WiFiTag -->
