<?xml version="1.0" encoding="UTF-8"?>
<!-- Generated by org.testng.reporters.JUnitReportReporter -->
<testsuite hostname="ANasser-8470p" name="com.xirrus.xms.TS_Array_SSIDs.TC_SSIDs_Mgmt_GeneralSettings" tests="4" failures="4" timestamp="7 Mar 2015 14:49:38 GMT" time="0.010" errors="0">
  <testcase name="testCase_VerifyAddSSIDwithDefaultGeneralSettings" time="0.000" classname="com.xirrus.xms.TS_Array_SSIDs.TC_SSIDs_Mgmt_GeneralSettings"/>
  <testcase name="testCase_VerifyAddSSIDwithcustomGeneralSettings" time="0.000" classname="com.xirrus.xms.TS_Array_SSIDs.TC_SSIDs_Mgmt_GeneralSettings"/>
  <testcase name="testCase_VerifyDefaultSSIDGeneralSettings" time="0.010" classname="com.xirrus.xms.TS_Array_SSIDs.TC_SSIDs_Mgmt_GeneralSettings"/>
  <testcase name="testCase_VerifyEditSSIDGeneralSettings" time="0.000" classname="com.xirrus.xms.TS_Array_SSIDs.TC_SSIDs_Mgmt_GeneralSettings"/>
</testsuite> <!-- com.xirrus.xms.TS_Array_SSIDs.TC_SSIDs_Mgmt_GeneralSettings -->
