<?xml version="1.0" encoding="UTF-8"?>
<!-- Generated by org.testng.reporters.JUnitReportReporter -->
<testsuite hostname="ANasser-8470p" name="com.xirrus.xms.TS_Array_Network.TC_Network_LLDP" tests="3" failures="3" timestamp="7 Mar 2015 14:49:38 GMT" time="0.000" errors="0">
  <testcase name="testCase_verifyDefaultLLDPState" time="0.000" classname="com.xirrus.xms.TS_Array_Network.TC_Network_LLDP"/>
  <testcase name="testCase_verifyEnableLLDPState" time="0.000" classname="com.xirrus.xms.TS_Array_Network.TC_Network_LLDP"/>
  <testcase name="testCase_verifyDisableLLDPState" time="0.000" classname="com.xirrus.xms.TS_Array_Network.TC_Network_LLDP"/>
</testsuite> <!-- com.xirrus.xms.TS_Array_Network.TC_Network_LLDP -->
