<?xml version="1.0" encoding="UTF-8"?>
<!-- Generated by org.testng.reporters.JUnitReportReporter -->
<testsuite hostname="ANasser-8470p" name="com.xirrus.xms.TS_ProfileConfiguration.TC_ProfileConfig_Setup" tests="1" failures="0" timestamp="17 Mar 2015 20:44:33 GMT" time="0.001" errors="0">
  <testcase name="testCase_verifyDHCPServerDefaultValues" time="0.001" classname="com.xirrus.xms.TS_ProfileConfiguration.TC_ProfileConfig_Setup"/>
</testsuite> <!-- com.xirrus.xms.TS_ProfileConfiguration.TC_ProfileConfig_Setup -->
