<?xml version="1.0" encoding="UTF-8"?>
<!-- Generated by org.testng.reporters.JUnitReportReporter -->
<testsuite hostname="ANasser-8470p" name="com.xirrus.xms.TS_Array_Services.TC_Services_Location" tests="12" failures="12" timestamp="7 Mar 2015 14:49:38 GMT" time="0.070" errors="0">
  <testcase name="testCase_verifyLocationPeriodFieldValidation" time="0.000" classname="com.xirrus.xms.TS_Array_Services.TC_Services_Location"/>
  <testcase name="testCase_verifyLocationURLDefaultValue" time="0.010" classname="com.xirrus.xms.TS_Array_Services.TC_Services_Location"/>
  <testcase name="testCase_verifyNetflowDefaultVersion" time="0.000" classname="com.xirrus.xms.TS_Array_Services.TC_Services_Location"/>
  <testcase name="testCase_verifyLocationKeyFieldValidation" time="0.000" classname="com.xirrus.xms.TS_Array_Services.TC_Services_Location"/>
  <testcase name="testCase_verifyLocationPeriodEditValue" time="0.000" classname="com.xirrus.xms.TS_Array_Services.TC_Services_Location"/>
  <testcase name="testCase_verifyLocationURLFieldValidation" time="0.030" classname="com.xirrus.xms.TS_Array_Services.TC_Services_Location"/>
  <testcase name="testCase_verifyLocationSupportDisable" time="0.000" classname="com.xirrus.xms.TS_Array_Services.TC_Services_Location"/>
  <testcase name="testCase_verifyLocationPeriodDefaultValue" time="0.000" classname="com.xirrus.xms.TS_Array_Services.TC_Services_Location"/>
  <testcase name="testCase_verifyLocationSupportEnable" time="0.000" classname="com.xirrus.xms.TS_Array_Services.TC_Services_Location"/>
  <testcase name="testCase_verifyLocationKeyEditValue" time="0.000" classname="com.xirrus.xms.TS_Array_Services.TC_Services_Location"/>
  <testcase name="testCase_verifyLocationKeyDefaultValue" time="0.000" classname="com.xirrus.xms.TS_Array_Services.TC_Services_Location"/>
  <testcase name="testCase_verifyLocationURLEditValue" time="0.030" classname="com.xirrus.xms.TS_Array_Services.TC_Services_Location"/>
</testsuite> <!-- com.xirrus.xms.TS_Array_Services.TC_Services_Location -->
