<?xml version="1.0" encoding="UTF-8"?>
<!-- Generated by org.testng.reporters.JUnitReportReporter -->
<testsuite hostname="ANasser-8470p" name="com.xirrus.xms.TS_Array_General.TC_GeneralSett_HostName" tests="6" failures="6" timestamp="7 Mar 2015 14:49:38 GMT" time="0.000" errors="0">
  <testcase name="testCase_verifyHostnameNotacceptvalueOtherThanIPOrHostname" time="0.000" classname="com.xirrus.xms.TS_Array_General.TC_GeneralSett_HostName"/>
  <testcase name="testCase_verifyHostnameNotacceptemptyvalue" time="0.000" classname="com.xirrus.xms.TS_Array_General.TC_GeneralSett_HostName"/>
  <testcase name="testCase_VerifyHostnameEditValue" time="0.000" classname="com.xirrus.xms.TS_Array_General.TC_GeneralSett_HostName"/>
  <testcase name="testCase_VerifyHostnamesetIPAddressValue" time="0.000" classname="com.xirrus.xms.TS_Array_General.TC_GeneralSett_HostName"/>
  <testcase name="testCase_VerifydefaultHostnamevalueNotEmpty" time="0.000" classname="com.xirrus.xms.TS_Array_General.TC_GeneralSett_HostName"/>
  <testcase name="testCase_VerifyHostnamesetValidNameValue" time="0.000" classname="com.xirrus.xms.TS_Array_General.TC_GeneralSett_HostName"/>
</testsuite> <!-- com.xirrus.xms.TS_Array_General.TC_GeneralSett_HostName -->
