<?xml version="1.0" encoding="UTF-8"?>
<!-- Generated by org.testng.reporters.JUnitReportReporter -->
<testsuite hostname="ANasser-8470p" name="com.xirrus.xms.TS_Array_General.TC_GeneralSett_Email" tests="5" failures="5" timestamp="7 Mar 2015 14:49:38 GMT" time="0.000" errors="0">
  <testcase name="testCase_VerifyAdminEmailEmptyValue" time="0.000" classname="com.xirrus.xms.TS_Array_General.TC_GeneralSett_Email"/>
  <testcase name="testCase_VerifyAdminEmailFieldvalidation" time="0.000" classname="com.xirrus.xms.TS_Array_General.TC_GeneralSett_Email"/>
  <testcase name="testCase_VerifyAdminEmailEditValue" time="0.000" classname="com.xirrus.xms.TS_Array_General.TC_GeneralSett_Email"/>
  <testcase name="testCase_VerifyAdminEmailSetValue" time="0.000" classname="com.xirrus.xms.TS_Array_General.TC_GeneralSett_Email"/>
  <testcase name="testCase_VerifydefaultAdminEmailvalue" time="0.000" classname="com.xirrus.xms.TS_Array_General.TC_GeneralSett_Email"/>
</testsuite> <!-- com.xirrus.xms.TS_Array_General.TC_GeneralSett_Email -->
