<?xml version="1.0" encoding="UTF-8"?>
<!-- Generated by org.testng.reporters.JUnitReportReporter -->
<testsuite hostname="ANasser-8470p" name="com.xirrus.xms.TS_Array_Security.TC_Security_AirWatch" tests="23" failures="23" timestamp="7 Mar 2015 14:49:38 GMT" time="0.302" errors="0">
  <testcase name="testCase_verifyAirWatchAPIUsernameUpdatedValue" time="0.000" classname="com.xirrus.xms.TS_Array_Security.TC_Security_AirWatch"/>
  <testcase name="testCase_verifyAirWatchAPIUsernameFieldValidation" time="0.000" classname="com.xirrus.xms.TS_Array_Security.TC_Security_AirWatch"/>
  <testcase name="testCase_verifyAirWatchAPIHostnameFieldValidation" time="0.000" classname="com.xirrus.xms.TS_Array_Security.TC_Security_AirWatch"/>
  <testcase name="testCase_verifyAirWatchAPIPasswordUpdatedValue" time="0.000" classname="com.xirrus.xms.TS_Array_Security.TC_Security_AirWatch"/>
  <testcase name="testCase_verifyAirWatchAPIPollPeriodFieldValidation" time="0.000" classname="com.xirrus.xms.TS_Array_Security.TC_Security_AirWatch"/>
  <testcase name="testCase_verifyAirWatchAPITimeoutDefaultValue" time="0.000" classname="com.xirrus.xms.TS_Array_Security.TC_Security_AirWatch"/>
  <testcase name="testCase_verifyAirWatchAPIKeyDefaultValue" time="0.000" classname="com.xirrus.xms.TS_Array_Security.TC_Security_AirWatch"/>
  <testcase name="testCase_verifyAirWatchAPIKeyFieldValidation" time="0.267" classname="com.xirrus.xms.TS_Array_Security.TC_Security_AirWatch"/>
  <testcase name="testCase_verifyAirWatchAPITimeoutUpdatedValue" time="0.000" classname="com.xirrus.xms.TS_Array_Security.TC_Security_AirWatch"/>
  <testcase name="testCase_verifyAirWatchAPIPasswordFieldValidation" time="0.000" classname="com.xirrus.xms.TS_Array_Security.TC_Security_AirWatch"/>
  <testcase name="testCase_verifyAirWatchRedirectURLDefaultValue" time="0.000" classname="com.xirrus.xms.TS_Array_Security.TC_Security_AirWatch"/>
  <testcase name="testCase_verifyAirWatchAPIAccessErrorUpdatedValue" time="0.001" classname="com.xirrus.xms.TS_Array_Security.TC_Security_AirWatch"/>
  <testcase name="testCase_verifyAirWatchAPIHostnameDefaultValue" time="0.000" classname="com.xirrus.xms.TS_Array_Security.TC_Security_AirWatch"/>
  <testcase name="testCase_verifyAirWatchAPIKeyUpdatedValue" time="0.000" classname="com.xirrus.xms.TS_Array_Security.TC_Security_AirWatch"/>
  <testcase name="testCase_verifyAirWatchAPIPollPeriodDefaultValue" time="0.000" classname="com.xirrus.xms.TS_Array_Security.TC_Security_AirWatch"/>
  <testcase name="testCase_verifyAirWatchAPIPasswordDefaultValue" time="0.030" classname="com.xirrus.xms.TS_Array_Security.TC_Security_AirWatch"/>
  <testcase name="testCase_verifyAirWatchAPIHostnameUpdatedValue" time="0.000" classname="com.xirrus.xms.TS_Array_Security.TC_Security_AirWatch"/>
  <testcase name="testCase_verifyAirWatchRedirectURLFieldValidation" time="0.000" classname="com.xirrus.xms.TS_Array_Security.TC_Security_AirWatch"/>
  <testcase name="testCase_verifyAirWatchAPITimeoutFieldValidation" time="0.000" classname="com.xirrus.xms.TS_Array_Security.TC_Security_AirWatch"/>
  <testcase name="testCase_verifyAirWatchAPIUsernameDefaultValue" time="0.000" classname="com.xirrus.xms.TS_Array_Security.TC_Security_AirWatch"/>
  <testcase name="testCase_verifyAirWatchAPIPollPeriodUpdatedValue" time="0.000" classname="com.xirrus.xms.TS_Array_Security.TC_Security_AirWatch"/>
  <testcase name="testCase_verifyAirWatchAPIAccessErrorDefaultValue" time="0.000" classname="com.xirrus.xms.TS_Array_Security.TC_Security_AirWatch"/>
  <testcase name="testCase_verifyAirWatchRedirectURLUpdatedValue" time="0.004" classname="com.xirrus.xms.TS_Array_Security.TC_Security_AirWatch"/>
</testsuite> <!-- com.xirrus.xms.TS_Array_Security.TC_Security_AirWatch -->
