<?xml version="1.0" encoding="UTF-8"?>
<!-- Generated by org.testng.reporters.JUnitReportReporter -->
<testsuite hostname="ANasser-8470p" name="com.xirrus.xms.TS_ArrayConfiguration.TC_ArrayConfig_Setup" tests="14" failures="0" timestamp="17 Mar 2015 20:44:33 GMT" time="158.678" errors="0">
  <testcase name="testCase_Setup9_ServicesDHCPServerSettings" time="32.656" classname="com.xirrus.xms.TS_ArrayConfiguration.TC_ArrayConfig_Setup"/>
  <testcase name="testCase_Setup10_SecurityAirWatchSettings" time="3.887" classname="com.xirrus.xms.TS_ArrayConfiguration.TC_ArrayConfig_Setup"/>
  <testcase name="testCase_Setup5_VLANSettings" time="50.174" classname="com.xirrus.xms.TS_ArrayConfiguration.TC_ArrayConfig_Setup"/>
  <testcase name="testCase_End_Setup_ApplyConfigurationToArray" time="49.136" classname="com.xirrus.xms.TS_ArrayConfiguration.TC_ArrayConfig_Setup"/>
  <testcase name="testCase_Begning_Setup_NavigateToArrayConfiguration" time="3.335" classname="com.xirrus.xms.TS_ArrayConfiguration.TC_ArrayConfig_Setup"/>
  <testcase name="testCase_Setup7_ServicesWiFiTagSettings" time="2.400" classname="com.xirrus.xms.TS_ArrayConfiguration.TC_ArrayConfig_Setup"/>
  <testcase name="testCase_Setup3_NetworkLLDPSettings" time="1.307" classname="com.xirrus.xms.TS_ArrayConfiguration.TC_ArrayConfig_Setup"/>
  <testcase name="testCase_Setup11_SecurityGlobalSettingsWPA" time="2.441" classname="com.xirrus.xms.TS_ArrayConfiguration.TC_ArrayConfig_Setup"/>
  <testcase name="testCase_Setup8_ServicesLocationSettings" time="2.055" classname="com.xirrus.xms.TS_ArrayConfiguration.TC_ArrayConfig_Setup"/>
  <testcase name="testCase_Setup6_ServicesNetFlowSettings" time="1.854" classname="com.xirrus.xms.TS_ArrayConfiguration.TC_ArrayConfig_Setup"/>
  <testcase name="testCase_Setup1_GeneralSettings" time="2.438" classname="com.xirrus.xms.TS_ArrayConfiguration.TC_ArrayConfig_Setup"/>
  <testcase name="testCase_Setup4_NetworkCDPSettings" time="1.843" classname="com.xirrus.xms.TS_ArrayConfiguration.TC_ArrayConfig_Setup"/>
  <testcase name="testCase_Setup2_NetworkDNSSettings" time="2.451" classname="com.xirrus.xms.TS_ArrayConfiguration.TC_ArrayConfig_Setup"/>
  <testcase name="testCase_Setup11_IAPsRoamingAssitSettings" time="2.701" classname="com.xirrus.xms.TS_ArrayConfiguration.TC_ArrayConfig_Setup"/>
</testsuite> <!-- com.xirrus.xms.TS_ArrayConfiguration.TC_ArrayConfig_Setup -->
