<?xml version="1.0" encoding="UTF-8"?>
<!-- Generated by org.testng.reporters.JUnitReportReporter -->
<testsuite hostname="ANasser-8470p" name="com.xirrus.xms.TS_Array_Security.TC_Security_GlobalSettings_WPA" tests="21" failures="21" timestamp="7 Mar 2015 14:49:38 GMT" time="0.090" errors="0">
  <testcase name="testCase_VerifyWPATKIPEnabledYESValue" time="0.000" classname="com.xirrus.xms.TS_Array_Security.TC_Security_GlobalSettings_WPA"/>
  <testcase name="testCase_VerifyWPAPresharedKeySetValue" time="0.030" classname="com.xirrus.xms.TS_Array_Security.TC_Security_GlobalSettings_WPA"/>
  <testcase name="testCase_VerifyWPAAuthenticationEAPValue" time="0.000" classname="com.xirrus.xms.TS_Array_Security.TC_Security_GlobalSettings_WPA"/>
  <testcase name="testCase_VerifyWPATKIPEnabledValue" time="0.000" classname="com.xirrus.xms.TS_Array_Security.TC_Security_GlobalSettings_WPA"/>
  <testcase name="testCase_VerifyWPAAESEnabledValue" time="0.000" classname="com.xirrus.xms.TS_Array_Security.TC_Security_GlobalSettings_WPA"/>
  <testcase name="testCase_VerifyRADIUSServerModeExternal" time="0.000" classname="com.xirrus.xms.TS_Array_Security.TC_Security_GlobalSettings_WPA"/>
  <testcase name="testCase_VerifyWPAEAPDefaultValue" time="0.030" classname="com.xirrus.xms.TS_Array_Security.TC_Security_GlobalSettings_WPA"/>
  <testcase name="testCase_VerifyWPAPSKDefaultValue" time="0.000" classname="com.xirrus.xms.TS_Array_Security.TC_Security_GlobalSettings_WPA"/>
  <testcase name="testCase_VerifyWPAPresharedKeyDefaultValue" time="0.000" classname="com.xirrus.xms.TS_Array_Security.TC_Security_GlobalSettings_WPA"/>
  <testcase name="testCase_VerifyWPAGroupRekeyTimeEditValue" time="0.000" classname="com.xirrus.xms.TS_Array_Security.TC_Security_GlobalSettings_WPA"/>
  <testcase name="testCase_VerifyWPAAuthenticationPSKEditValue" time="0.000" classname="com.xirrus.xms.TS_Array_Security.TC_Security_GlobalSettings_WPA"/>
  <testcase name="testCase_VerifyWPAGroupRekeyTimeSetValue" time="0.000" classname="com.xirrus.xms.TS_Array_Security.TC_Security_GlobalSettings_WPA"/>
  <testcase name="testCase_VerifyWPAPresharedKeyEditValue" time="0.000" classname="com.xirrus.xms.TS_Array_Security.TC_Security_GlobalSettings_WPA"/>
  <testcase name="testCase_VerifyWPAAESEnabledDefaultValue" time="0.000" classname="com.xirrus.xms.TS_Array_Security.TC_Security_GlobalSettings_WPA"/>
  <testcase name="testCase_VerifyWPAGroupRekeyEnabledYESValue" time="0.020" classname="com.xirrus.xms.TS_Array_Security.TC_Security_GlobalSettings_WPA"/>
  <testcase name="testCase_VerifyWPAAuthenticationPSKValue" time="0.000" classname="com.xirrus.xms.TS_Array_Security.TC_Security_GlobalSettings_WPA"/>
  <testcase name="testCase_VerifyWPATKIPEnabledDefaultValue" time="0.010" classname="com.xirrus.xms.TS_Array_Security.TC_Security_GlobalSettings_WPA"/>
  <testcase name="testCase_VerifyRADIUSServerModeDefaultValue" time="0.000" classname="com.xirrus.xms.TS_Array_Security.TC_Security_GlobalSettings_WPA"/>
  <testcase name="testCase_VerifyWPAAESEnabledNOValue" time="0.000" classname="com.xirrus.xms.TS_Array_Security.TC_Security_GlobalSettings_WPA"/>
  <testcase name="testCase_VerifyWPAGroupRekeyEnabledDefaultValue" time="0.000" classname="com.xirrus.xms.TS_Array_Security.TC_Security_GlobalSettings_WPA"/>
  <testcase name="testCase_VerifyRADIUSServerModeInternal" time="0.000" classname="com.xirrus.xms.TS_Array_Security.TC_Security_GlobalSettings_WPA"/>
</testsuite> <!-- com.xirrus.xms.TS_Array_Security.TC_Security_GlobalSettings_WPA -->
