<?xml version="1.0" encoding="UTF-8"?>
<!-- Generated by org.testng.reporters.JUnitReportReporter -->
<testsuite hostname="ANasser-8470p" name="com.xirrus.xms.TS_Array_VLAN.TC_VLAN_AddVLANs" tests="6" failures="6" timestamp="7 Mar 2015 14:49:38 GMT" time="0.070" errors="0">
  <testcase name="testCase_VerifyThirdVLANValues" time="0.040" classname="com.xirrus.xms.TS_Array_VLAN.TC_VLAN_AddVLANs"/>
  <testcase name="testCase_VerifyAddSingleVLAN" time="0.030" classname="com.xirrus.xms.TS_Array_VLAN.TC_VLAN_AddVLANs"/>
  <testcase name="testCase_VerifyNewVLANDefaultValues" time="0.000" classname="com.xirrus.xms.TS_Array_VLAN.TC_VLAN_AddVLANs"/>
  <testcase name="testCase_VerifyMaxVLANSupportByArray" time="0.000" classname="com.xirrus.xms.TS_Array_VLAN.TC_VLAN_AddVLANs"/>
  <testcase name="testCase_VerifyAddMultipleVLANs" time="0.000" classname="com.xirrus.xms.TS_Array_VLAN.TC_VLAN_AddVLANs"/>
  <testcase name="testCase_VerifySecondVLANValues" time="0.000" classname="com.xirrus.xms.TS_Array_VLAN.TC_VLAN_AddVLANs"/>
</testsuite> <!-- com.xirrus.xms.TS_Array_VLAN.TC_VLAN_AddVLANs -->
