<?xml version="1.0" encoding="UTF-8"?>
<!-- Generated by org.testng.reporters.JUnitReportReporter -->
<testsuite hostname="ANasser-8470p" name="com.xirrus.xms.TS_ArrayConfiguration.TC_ArrayConfig_Services_NetFlow" tests="1" failures="0" timestamp="17 Mar 2015 20:44:33 GMT" time="13.616" errors="0">
  <testcase name="testCase_VerifyArrayConfigServicesNetflowParameters" time="13.616" classname="com.xirrus.xms.TS_ArrayConfiguration.TC_ArrayConfig_Services_NetFlow"/>
</testsuite> <!-- com.xirrus.xms.TS_ArrayConfiguration.TC_ArrayConfig_Services_NetFlow -->
