<?xml version="1.0" encoding="UTF-8"?>
<!-- Generated by org.testng.reporters.JUnitReportReporter -->
<testsuite hostname="ANasser-8470p" name="com.xirrus.xms.TS_Array_Network.TC_Network_DNS" tests="12" failures="12" timestamp="7 Mar 2015 14:49:38 GMT" time="0.222" errors="0">
  <testcase name="testCase_VerifyDNSDomainFieldValidation" time="0.000" classname="com.xirrus.xms.TS_Array_Network.TC_Network_DNS"/>
  <testcase name="testCase_VerifyUseDNSsettingsAssignedByDHCPEnable" time="0.000" classname="com.xirrus.xms.TS_Array_Network.TC_Network_DNS"/>
  <testcase name="testCase_VerifyDNSServer2FieldValidation" time="0.222" classname="com.xirrus.xms.TS_Array_Network.TC_Network_DNS"/>
  <testcase name="testCase_VerifyDNSServer1SetValue" time="0.000" classname="com.xirrus.xms.TS_Array_Network.TC_Network_DNS"/>
  <testcase name="testCase_VerifyDNSServer3SetValue" time="0.000" classname="com.xirrus.xms.TS_Array_Network.TC_Network_DNS"/>
  <testcase name="testCase_VerifyDNSDomainSetValue" time="0.000" classname="com.xirrus.xms.TS_Array_Network.TC_Network_DNS"/>
  <testcase name="testCase_VerifyDNSServer2SetValue" time="0.000" classname="com.xirrus.xms.TS_Array_Network.TC_Network_DNS"/>
  <testcase name="testCase_VerifyUseDNSSettingsAssignedByDHCPDisable" time="0.000" classname="com.xirrus.xms.TS_Array_Network.TC_Network_DNS"/>
  <testcase name="testCase_VerifyUseDNSSettingsAssignedbyDHCPDefaultValue" time="0.000" classname="com.xirrus.xms.TS_Array_Network.TC_Network_DNS"/>
  <testcase name="testCase_VerifyDNSHostnameDefaultValue" time="0.000" classname="com.xirrus.xms.TS_Array_Network.TC_Network_DNS"/>
  <testcase name="testCase_VerifyDNSServer1FieldValidation" time="0.000" classname="com.xirrus.xms.TS_Array_Network.TC_Network_DNS"/>
  <testcase name="testCase_VerifyDNSServer3FieldValidation" time="0.000" classname="com.xirrus.xms.TS_Array_Network.TC_Network_DNS"/>
</testsuite> <!-- com.xirrus.xms.TS_Array_Network.TC_Network_DNS -->
