<?xml version="1.0" encoding="UTF-8"?>
<!-- Generated by org.testng.reporters.JUnitReportReporter -->
<testsuite hostname="ANasser-8470p" name="com.xirrus.xms.TS_Array_VLAN.TC_VLAN_EditVLANs" tests="4" failures="4" timestamp="7 Mar 2015 14:49:38 GMT" time="0.000" errors="0">
  <testcase name="testCase_VerifyUpdatedFirstVLANValues" time="0.000" classname="com.xirrus.xms.TS_Array_VLAN.TC_VLAN_EditVLANs"/>
  <testcase name="testCase_VerifyEditMultipleVLANs" time="0.000" classname="com.xirrus.xms.TS_Array_VLAN.TC_VLAN_EditVLANs"/>
  <testcase name="testCase_VerifyUpdatedSecondVLANValues" time="0.000" classname="com.xirrus.xms.TS_Array_VLAN.TC_VLAN_EditVLANs"/>
  <testcase name="testCase_VerifyAddSingleVLAN" time="0.000" classname="com.xirrus.xms.TS_Array_VLAN.TC_VLAN_EditVLANs"/>
</testsuite> <!-- com.xirrus.xms.TS_Array_VLAN.TC_VLAN_EditVLANs -->
