<?xml version="1.0" encoding="UTF-8"?>
<!-- Generated by org.testng.reporters.JUnitReportReporter -->
<testsuite hostname="ANasser-8470p" name="com.xirrus.xms.TS_Array_Services.TC_Services_DHCPServer" tests="15" failures="15" timestamp="7 Mar 2015 14:49:38 GMT" time="0.030" errors="0">
  <testcase name="testCase_verifyDHCPServerStartIPRangeFieldValidation" time="0.000" classname="com.xirrus.xms.TS_Array_Services.TC_Services_DHCPServer"/>
  <testcase name="testCase_verifyAddDHCPServer" time="0.010" classname="com.xirrus.xms.TS_Array_Services.TC_Services_DHCPServer"/>
  <testcase name="testCase_verifyDHCPServerEndIPRangeFieldValidation" time="0.000" classname="com.xirrus.xms.TS_Array_Services.TC_Services_DHCPServer"/>
  <testcase name="testCase_verifyDHCPServerDefaultLeaseFieldValidation" time="0.000" classname="com.xirrus.xms.TS_Array_Services.TC_Services_DHCPServer"/>
  <testcase name="testCase_verifyDHCPServerDefaultDomainFieldValidation" time="0.020" classname="com.xirrus.xms.TS_Array_Services.TC_Services_DHCPServer"/>
  <testcase name="testCase_verifyDHCPServerDefaultDNSServer3FieldValidation" time="0.000" classname="com.xirrus.xms.TS_Array_Services.TC_Services_DHCPServer"/>
  <testcase name="testCase_verifyDHCPServerMaxLeaseFieldValidation" time="0.000" classname="com.xirrus.xms.TS_Array_Services.TC_Services_DHCPServer"/>
  <testcase name="testCase_verifyEditDHCPServer" time="0.000" classname="com.xirrus.xms.TS_Array_Services.TC_Services_DHCPServer"/>
  <testcase name="testCase_verifyDHCPServerGatewayFieldValidation" time="0.000" classname="com.xirrus.xms.TS_Array_Services.TC_Services_DHCPServer"/>
  <testcase name="testCase_verifyDHCPServerDefaultValues" time="0.000" classname="com.xirrus.xms.TS_Array_Services.TC_Services_DHCPServer"/>
  <testcase name="testCase_verifyDHCPServerDefaultDNSServer2FieldValidation" time="0.000" classname="com.xirrus.xms.TS_Array_Services.TC_Services_DHCPServer"/>
  <testcase name="testCase_verifyDHCPServerNameFieldValidation" time="0.000" classname="com.xirrus.xms.TS_Array_Services.TC_Services_DHCPServer"/>
  <testcase name="testCase_verifyDHCPServerDefaultDNSServer1FieldValidation" time="0.000" classname="com.xirrus.xms.TS_Array_Services.TC_Services_DHCPServer"/>
  <testcase name="testCase_verifyDeleteDHCPServer" time="0.000" classname="com.xirrus.xms.TS_Array_Services.TC_Services_DHCPServer"/>
  <testcase name="testCase_verifyDHCPServerDefaultSubnetMaskFieldValidation" time="0.000" classname="com.xirrus.xms.TS_Array_Services.TC_Services_DHCPServer"/>
</testsuite> <!-- com.xirrus.xms.TS_Array_Services.TC_Services_DHCPServer -->
