<?xml version="1.0" encoding="UTF-8"?>
<!-- Generated by org.testng.reporters.JUnitReportReporter -->
<testsuite hostname="ANasser-8470p" name="com.xirrus.xms.TS_Array_General.TC_GeneralSett_License" tests="5" failures="5" timestamp="7 Mar 2015 14:49:38 GMT" time="0.000" errors="0">
  <testcase name="testCase_VerifyLicenseKeyNotAcceptEmptyValue" time="0.000" classname="com.xirrus.xms.TS_Array_General.TC_GeneralSett_License"/>
  <testcase name="testCase_VerifydefaultLicenseKeyNotEmptyvalue" time="0.000" classname="com.xirrus.xms.TS_Array_General.TC_GeneralSett_License"/>
  <testcase name="testCase_VerifyLicenseKeynotAcceptvalueMoreOrLessThan23Char" time="0.000" classname="com.xirrus.xms.TS_Array_General.TC_GeneralSett_License"/>
  <testcase name="testCase_VerifyLicenseKeyInvalidValue" time="0.000" classname="com.xirrus.xms.TS_Array_General.TC_GeneralSett_License"/>
  <testcase name="testCase_VerifyLicenseKeyUpdatedValue" time="0.000" classname="com.xirrus.xms.TS_Array_General.TC_GeneralSett_License"/>
</testsuite> <!-- com.xirrus.xms.TS_Array_General.TC_GeneralSett_License -->
