<?xml version="1.0" encoding="UTF-8"?>
<!-- Generated by org.testng.reporters.JUnitReportReporter -->
<testsuite hostname="ANasser-8470p" name="com.xirrus.xms.TS_Array_General.TC_GeneralSett_Phone" tests="5" failures="5" timestamp="7 Mar 2015 14:49:38 GMT" time="0.010" errors="0">
  <testcase name="testCase_VerifyAdminPhoneEmptyValue" time="0.010" classname="com.xirrus.xms.TS_Array_General.TC_GeneralSett_Phone"/>
  <testcase name="testCase_VerifyAdminPhoneEditValue" time="0.000" classname="com.xirrus.xms.TS_Array_General.TC_GeneralSett_Phone"/>
  <testcase name="testCase_VerifyAdminPhoneSetValue" time="0.000" classname="com.xirrus.xms.TS_Array_General.TC_GeneralSett_Phone"/>
  <testcase name="testCase_VerifyAdminPhoneFieldvalidation" time="0.000" classname="com.xirrus.xms.TS_Array_General.TC_GeneralSett_Phone"/>
  <testcase name="testCase_VerifydefaultAdminPhonevalue" time="0.000" classname="com.xirrus.xms.TS_Array_General.TC_GeneralSett_Phone"/>
</testsuite> <!-- com.xirrus.xms.TS_Array_General.TC_GeneralSett_Phone -->
