<?xml version="1.0" encoding="UTF-8"?>
<!-- Generated by org.testng.reporters.JUnitReportReporter -->
<testsuite hostname="ANasser-8470p" name="com.xirrus.xms.TS_Array_IAPs.TC_IAPs_RoamingAssist" tests="16" failures="16" timestamp="7 Mar 2015 14:49:38 GMT" time="0.010" errors="0">
  <testcase name="testCase_VerifyBackoffPeriodSetValue" time="0.000" classname="com.xirrus.xms.TS_Array_IAPs.TC_IAPs_RoamingAssist"/>
  <testcase name="testCase_VerifyDevicesDefaultValue" time="0.000" classname="com.xirrus.xms.TS_Array_IAPs.TC_IAPs_RoamingAssist"/>
  <testcase name="testCase_VerifyDevicesSelectAll" time="0.000" classname="com.xirrus.xms.TS_Array_IAPs.TC_IAPs_RoamingAssist"/>
  <testcase name="testCase_VerifyBackoffPeriodFieldValidation" time="0.000" classname="com.xirrus.xms.TS_Array_IAPs.TC_IAPs_RoamingAssist"/>
  <testcase name="testCase_VerifyDevicesUnselectAll" time="0.010" classname="com.xirrus.xms.TS_Array_IAPs.TC_IAPs_RoamingAssist"/>
  <testcase name="testCase_VerifyDevicesSetValue" time="0.000" classname="com.xirrus.xms.TS_Array_IAPs.TC_IAPs_RoamingAssist"/>
  <testcase name="testCase_VerifyRoamingThresholdFieldValidation" time="0.000" classname="com.xirrus.xms.TS_Array_IAPs.TC_IAPs_RoamingAssist"/>
  <testcase name="testCase_VerifyRoamingThresholdSetValue" time="0.000" classname="com.xirrus.xms.TS_Array_IAPs.TC_IAPs_RoamingAssist"/>
  <testcase name="testCase_VerifyMinimumDataRateFieldValidation" time="0.000" classname="com.xirrus.xms.TS_Array_IAPs.TC_IAPs_RoamingAssist"/>
  <testcase name="testCase_VerifyMinimumDataRateSetValue" time="0.000" classname="com.xirrus.xms.TS_Array_IAPs.TC_IAPs_RoamingAssist"/>
  <testcase name="testCase_VerifyRoamingThresholdDefaultValue" time="0.000" classname="com.xirrus.xms.TS_Array_IAPs.TC_IAPs_RoamingAssist"/>
  <testcase name="testCase_VerifyEnableRoamingAssistDefaultValue" time="0.000" classname="com.xirrus.xms.TS_Array_IAPs.TC_IAPs_RoamingAssist"/>
  <testcase name="testCase_VerifyBackoffPeriodDefaultValue" time="0.000" classname="com.xirrus.xms.TS_Array_IAPs.TC_IAPs_RoamingAssist"/>
  <testcase name="testCase_VerifyEnableRoamingAssistEnable" time="0.000" classname="com.xirrus.xms.TS_Array_IAPs.TC_IAPs_RoamingAssist"/>
  <testcase name="testCase_VerifyMinimumDataRateDefaultValue" time="0.000" classname="com.xirrus.xms.TS_Array_IAPs.TC_IAPs_RoamingAssist"/>
  <testcase name="testCase_VerifyEnableRoamingAssistDisable" time="0.000" classname="com.xirrus.xms.TS_Array_IAPs.TC_IAPs_RoamingAssist"/>
</testsuite> <!-- com.xirrus.xms.TS_Array_IAPs.TC_IAPs_RoamingAssist -->
