<?xml version="1.0" encoding="UTF-8"?>
<!-- Generated by org.testng.reporters.JUnitReportReporter -->
<testsuite hostname="ANasser-8470p" name="com.xirrus.xms.TS_Array_General.TC_GeneralSett_Location" tests="5" failures="5" timestamp="7 Mar 2015 14:49:38 GMT" time="0.002" errors="0">
  <testcase name="testCase_VerifyLocationInfoEmptyValue" time="0.000" classname="com.xirrus.xms.TS_Array_General.TC_GeneralSett_Location"/>
  <testcase name="testCase_VerifydefaultLocationInfovalue" time="0.001" classname="com.xirrus.xms.TS_Array_General.TC_GeneralSett_Location"/>
  <testcase name="testCase_VerifyLocationInfoFieldvalidation" time="0.001" classname="com.xirrus.xms.TS_Array_General.TC_GeneralSett_Location"/>
  <testcase name="testCase_VerifyLocationInfoEditValue" time="0.000" classname="com.xirrus.xms.TS_Array_General.TC_GeneralSett_Location"/>
  <testcase name="testCase_VerifyLocationInfoSetValue" time="0.000" classname="com.xirrus.xms.TS_Array_General.TC_GeneralSett_Location"/>
</testsuite> <!-- com.xirrus.xms.TS_Array_General.TC_GeneralSett_Location -->
