<?xml version="1.0" encoding="UTF-8"?>
<!-- Generated by org.testng.reporters.JUnitReportReporter -->
<testsuite hostname="ANasser-8470p" name="com.xirrus.xms.TS_Array_VLAN.TC_VLAN_DeleteVLANs" tests="2" failures="2" timestamp="7 Mar 2015 14:49:38 GMT" time="0.000" errors="0">
  <testcase name="testCase_VerifyDeleteAllVLANs" time="0.000" classname="com.xirrus.xms.TS_Array_VLAN.TC_VLAN_DeleteVLANs"/>
  <testcase name="testCase_VerifyDeleteSingleVLAN" time="0.000" classname="com.xirrus.xms.TS_Array_VLAN.TC_VLAN_DeleteVLANs"/>
</testsuite> <!-- com.xirrus.xms.TS_Array_VLAN.TC_VLAN_DeleteVLANs -->
