<?xml version="1.0" encoding="UTF-8"?>
<!-- Generated by org.testng.reporters.JUnitReportReporter -->
<testsuite hostname="ANasser-8470p" name="com.xirrus.xms.TS_Array_SSIDs.TC_SSIDs_Mgmt_CaptivePortal" tests="4" failures="0" timestamp="25 Mar 2015 18:14:26 GMT" time="0.040" errors="0">
  <testcase name="testCase_VerifyAddSSIDwithDefaultGeneralSettings" time="0.001" classname="com.xirrus.xms.TS_Array_SSIDs.TC_SSIDs_Mgmt_CaptivePortal"/>
  <testcase name="testCase_VerifyAddSSIDwithcustomGeneralSettings" time="0.039" classname="com.xirrus.xms.TS_Array_SSIDs.TC_SSIDs_Mgmt_CaptivePortal"/>
  <testcase name="testCase_VerifyDefaultSSIDGeneralSettings" time="0.000" classname="com.xirrus.xms.TS_Array_SSIDs.TC_SSIDs_Mgmt_CaptivePortal"/>
  <testcase name="testCase_VerifyEditSSIDGeneralSettings" time="0.000" classname="com.xirrus.xms.TS_Array_SSIDs.TC_SSIDs_Mgmt_CaptivePortal"/>
</testsuite>
