<?xml version="1.0" encoding="UTF-8"?>
<!-- Generated by org.testng.reporters.JUnitReportReporter -->
<testsuite hostname="ANasser-8470p" name="com.xirrus.xms.TS_Array_General.TC_GeneralSett_Email" tests="5" failures="0" timestamp="25 Mar 2015 18:14:26 GMT" time="182.094" errors="0">
  <testcase name="testCase_VerifyAdminEmailEmptyValue" time="38.103" classname="com.xirrus.xms.TS_Array_General.TC_GeneralSett_Email"/>
  <testcase name="testCase_VerifyAdminEmailSetValue" time="40.505" classname="com.xirrus.xms.TS_Array_General.TC_GeneralSett_Email"/>
  <testcase name="testCase_VerifydefaultAdminEmailvalue" time="7.465" classname="com.xirrus.xms.TS_Array_General.TC_GeneralSett_Email"/>
  <testcase name="testCase_VerifyAdminEmailFieldvalidation" time="56.213" classname="com.xirrus.xms.TS_Array_General.TC_GeneralSett_Email"/>
  <testcase name="testCase_VerifyAdminEmailEditValue" time="39.808" classname="com.xirrus.xms.TS_Array_General.TC_GeneralSett_Email"/>
</testsuite>
