<?xml version="1.0" encoding="UTF-8"?>
<!-- Generated by org.testng.reporters.JUnitReportReporter -->
<testsuite hostname="ANasser-8470p" name="com.xirrus.xms.TS_Array_Security.TC_Security_GlobalSettings" tests="24" failures="24" timestamp="2 Mar 2015 18:45:41 GMT" time="0.010" errors="0">
  <testcase name="testCase_VerifyWEPDefaultKeySetValue" time="0.000" classname="com.xirrus.xms.TS_Array_Security.TC_Security_GlobalSettings"/>
  <testcase name="testCase_VerifyWEPEncryptionKey4DefaultValue" time="0.000" classname="com.xirrus.xms.TS_Array_Security.TC_Security_GlobalSettings"/>
  <testcase name="testCase_VerifyWPAPresharedKeySetValue" time="0.000" classname="com.xirrus.xms.TS_Array_Security.TC_Security_GlobalSettings"/>
  <testcase name="testCase_VerifyWEPEncryptionKey2SetValue" time="0.000" classname="com.xirrus.xms.TS_Array_Security.TC_Security_GlobalSettings"/>
  <testcase name="testCase_VerifyWPAGroupRekeyEnabledYESValue" time="0.000" classname="com.xirrus.xms.TS_Array_Security.TC_Security_GlobalSettings"/>
  <testcase name="testCase_VerifyWPAGroupRekeyTimeDefaultValue" time="0.000" classname="com.xirrus.xms.TS_Array_Security.TC_Security_GlobalSettings"/>
  <testcase name="testCase_VerifyWEPEncryptionKey1DefaultValue" time="0.000" classname="com.xirrus.xms.TS_Array_Security.TC_Security_GlobalSettings"/>
  <testcase name="testCase_VerifyWPATKIPEnabledDefaultValue" time="0.000" classname="com.xirrus.xms.TS_Array_Security.TC_Security_GlobalSettings"/>
  <testcase name="testCase_VerifyWEPEncryptionKey1SetValue" time="0.000" classname="com.xirrus.xms.TS_Array_Security.TC_Security_GlobalSettings"/>
  <testcase name="testCase_VerifyWEPEncryptionKey2DefaultValue" time="0.000" classname="com.xirrus.xms.TS_Array_Security.TC_Security_GlobalSettings"/>
  <testcase name="testCase_VerifyWEPEncryptionKey3DefaultValue" time="0.000" classname="com.xirrus.xms.TS_Array_Security.TC_Security_GlobalSettings"/>
  <testcase name="testCase_VerifyWPAAuthenticationDefaultValue" time="0.000" classname="com.xirrus.xms.TS_Array_Security.TC_Security_GlobalSettings"/>
  <testcase name="testCase_VerifyWPAPresharedKeyDefaultValue" time="0.000" classname="com.xirrus.xms.TS_Array_Security.TC_Security_GlobalSettings"/>
  <testcase name="testCase_VerifyWPAGroupRekeyTimeSetValue" time="0.000" classname="com.xirrus.xms.TS_Array_Security.TC_Security_GlobalSettings"/>
  <testcase name="testCase_VerifyRADIUSServerModeInternal" time="0.000" classname="com.xirrus.xms.TS_Array_Security.TC_Security_GlobalSettings"/>
  <testcase name="testCase_VerifyRADIUSServerModeDefaultValue" time="0.000" classname="com.xirrus.xms.TS_Array_Security.TC_Security_GlobalSettings"/>
  <testcase name="testCase_VerifyWPATKIPEnabledYESValue" time="0.000" classname="com.xirrus.xms.TS_Array_Security.TC_Security_GlobalSettings"/>
  <testcase name="testCase_VerifyWPAGroupRekeyEnabledDefaultValue" time="0.000" classname="com.xirrus.xms.TS_Array_Security.TC_Security_GlobalSettings"/>
  <testcase name="testCase_VerifyWPAAESEnabledDefaultValue" time="0.000" classname="com.xirrus.xms.TS_Array_Security.TC_Security_GlobalSettings"/>
  <testcase name="testCase_VerifyWEPEncryptionKey3SetValue" time="0.000" classname="com.xirrus.xms.TS_Array_Security.TC_Security_GlobalSettings"/>
  <testcase name="testCase_VerifyWPAAESEnabledNOValue" time="0.000" classname="com.xirrus.xms.TS_Array_Security.TC_Security_GlobalSettings"/>
  <testcase name="testCase_VerifyWEPDefaultKeyDefaultValue" time="0.010" classname="com.xirrus.xms.TS_Array_Security.TC_Security_GlobalSettings"/>
  <testcase name="testCase_VerifyWEPEncryptionKey4SetValue" time="0.000" classname="com.xirrus.xms.TS_Array_Security.TC_Security_GlobalSettings"/>
  <testcase name="testCase_VerifyWPAAuthenticationPSKValue" time="0.000" classname="com.xirrus.xms.TS_Array_Security.TC_Security_GlobalSettings"/>
</testsuite> <!-- com.xirrus.xms.TS_Array_Security.TC_Security_GlobalSettings -->
