<?xml version="1.0" encoding="UTF-8"?>
<!-- Generated by org.testng.reporters.JUnitReportReporter -->
<testsuite hostname="ANasser-8470p" name="com.xirrus.xms.TS_Array_Network.TC_Network_DNS" tests="12" failures="1" timestamp="25 Mar 2015 18:14:26 GMT" time="381.509" errors="0">
  <testcase name="testCase_VerifyDNSDomainSetValue" time="2.952" classname="com.xirrus.xms.TS_Array_Network.TC_Network_DNS"/>
  <testcase name="testCase_VerifyUseDNSSettingsAssignedByDHCPDisable" time="41.088" classname="com.xirrus.xms.TS_Array_Network.TC_Network_DNS"/>
  <testcase name="testCase_VerifyDNSServer3FieldValidation" time="47.609" classname="com.xirrus.xms.TS_Array_Network.TC_Network_DNS"/>
  <testcase name="testCase_VerifyDNSServer2SetValue" time="2.968" classname="com.xirrus.xms.TS_Array_Network.TC_Network_DNS"/>
  <testcase name="testCase_VerifyUseDNSsettingsAssignedByDHCPEnable" time="39.651" classname="com.xirrus.xms.TS_Array_Network.TC_Network_DNS"/>
  <testcase name="testCase_VerifyDNSHostnameDefaultValue" time="7.798" classname="com.xirrus.xms.TS_Array_Network.TC_Network_DNS"/>
  <testcase name="testCase_VerifyDNSDomainFieldValidation" time="136.474" classname="com.xirrus.xms.TS_Array_Network.TC_Network_DNS">
    <failure type="java.lang.AssertionError" message="FAIL- Verification Failed!!!DNSDomainNameInvalid-TC_Network_DNS-testCase_VerifyDNSDomainFieldValidation">
      <![CDATA[java.lang.AssertionError: FAIL- Verification Failed!!!DNSDomainNameInvalid-TC_Network_DNS-testCase_VerifyDNSDomainFieldValidation
	at org.testng.Assert.fail(Assert.java:89)
	at com.xirrus.xms.locallib.LocalLib.verifyStringequals(LocalLib.java:128)
	at com.xirrus.xms.TS_Array_Network.TC_Network_DNS.testCase_VerifyDNSDomainFieldValidation(TC_Network_DNS.java:562)
	at sun.reflect.NativeMethodAccessorImpl.invoke0(Native Method)
	at sun.reflect.NativeMethodAccessorImpl.invoke(NativeMethodAccessorImpl.java:57)
	at sun.reflect.DelegatingMethodAccessorImpl.invoke(DelegatingMethodAccessorImpl.java:43)
	at java.lang.reflect.Method.invoke(Method.java:606)
	at org.testng.internal.MethodInvocationHelper.invokeMethod(MethodInvocationHelper.java:74)
	at org.testng.internal.Invoker.invokeMethod(Invoker.java:673)
	at org.testng.internal.Invoker.invokeTestMethod(Invoker.java:846)
	at org.testng.internal.Invoker.invokeTestMethods(Invoker.java:1170)
	at org.testng.internal.TestMethodWorker.invokeTestMethods(TestMethodWorker.java:125)
	at org.testng.internal.TestMethodWorker.run(TestMethodWorker.java:109)
	at org.testng.TestRunner.runWorkers(TestRunner.java:1125)
	at org.testng.TestRunner.privateRun(TestRunner.java:749)
	at org.testng.TestRunner.run(TestRunner.java:600)
	at org.testng.SuiteRunner.runTest(SuiteRunner.java:317)
	at org.testng.SuiteRunner.runSequentially(SuiteRunner.java:312)
	at org.testng.SuiteRunner.privateRun(SuiteRunner.java:274)
	at org.testng.SuiteRunner.run(SuiteRunner.java:223)
	at org.testng.SuiteRunnerWorker.runSuite(SuiteRunnerWorker.java:52)
	at org.testng.SuiteRunnerWorker.run(SuiteRunnerWorker.java:86)
	at org.testng.TestNG.runSuitesSequentially(TestNG.java:965)
	at org.testng.TestNG.runSuitesSequentially(TestNG.java:961)
	at org.testng.TestNG.runSuitesLocally(TestNG.java:890)
	at org.testng.TestNG.run(TestNG.java:824)
	at org.testng.TestNG.privateMain(TestNG.java:1128)
	at org.testng.TestNG.main(TestNG.java:1092)
]]>
    </failure>
  </testcase>
  <testcase name="testCase_VerifyDNSServer1SetValue" time="2.929" classname="com.xirrus.xms.TS_Array_Network.TC_Network_DNS"/>
  <testcase name="testCase_VerifyDNSServer2FieldValidation" time="47.322" classname="com.xirrus.xms.TS_Array_Network.TC_Network_DNS"/>
  <testcase name="testCase_VerifyUseDNSSettingsAssignedbyDHCPDefaultValue" time="2.906" classname="com.xirrus.xms.TS_Array_Network.TC_Network_DNS"/>
  <testcase name="testCase_VerifyDNSServer3SetValue" time="2.925" classname="com.xirrus.xms.TS_Array_Network.TC_Network_DNS"/>
  <testcase name="testCase_VerifyDNSServer1FieldValidation" time="46.887" classname="com.xirrus.xms.TS_Array_Network.TC_Network_DNS"/>
</testsuite>
