<?xml version="1.0" encoding="UTF-8"?>
<!-- Generated by org.testng.reporters.JUnitReportReporter -->
<testsuite hostname="ANasser-8470p" name="com.xirrus.xms.TS_Array_Network.TC_Network_CDP" tests="5" failures="0" timestamp="25 Mar 2015 18:14:26 GMT" time="232.019" errors="0">
  <testcase name="testCase_verifyCDPStateIntervalHoldTimeDefaultvalue" time="13.176" classname="com.xirrus.xms.TS_Array_Network.TC_Network_CDP"/>
  <testcase name="testCase_verifyCDPIntervalHoldTimeFieldValidation" time="91.931" classname="com.xirrus.xms.TS_Array_Network.TC_Network_CDP"/>
  <testcase name="testCase_verifyCDPIntervalHoldTimeEditValue" time="46.669" classname="com.xirrus.xms.TS_Array_Network.TC_Network_CDP"/>
  <testcase name="testCase_verifyCDPStateEnableValue" time="42.930" classname="com.xirrus.xms.TS_Array_Network.TC_Network_CDP"/>
  <testcase name="testCase_verifyCDPStateDisableValue" time="37.313" classname="com.xirrus.xms.TS_Array_Network.TC_Network_CDP"/>
</testsuite>
