<?xml version="1.0" encoding="UTF-8"?>
<!-- Generated by org.testng.reporters.JUnitReportReporter -->
<testsuite hostname="ANasser-8470p" name="com.xirrus.xms.TS_Array_VLAN.TC_VLAN_DeleteVLANs" tests="2" failures="0" timestamp="25 Mar 2015 18:14:26 GMT" time="138.214" errors="0">
  <testcase name="testCase_VerifyDeleteSingleVLAN" time="70.784" classname="com.xirrus.xms.TS_Array_VLAN.TC_VLAN_DeleteVLANs"/>
  <testcase name="testCase_VerifyDeleteAllVLANs" time="67.430" classname="com.xirrus.xms.TS_Array_VLAN.TC_VLAN_DeleteVLANs"/>
</testsuite>
