<?xml version="1.0" encoding="UTF-8"?>
<!-- Generated by org.testng.reporters.JUnitReportReporter -->
<testsuite hostname="ANasser-8470p" name="com.xirrus.xms.TS_Array_Services.TC_Services_DHCPServer" tests="15" failures="1" timestamp="25 Mar 2015 18:14:26 GMT" time="690.343" errors="0">
  <testcase name="testCase_verifyDHCPServerDefaultDomainFieldValidation" time="25.794" classname="com.xirrus.xms.TS_Array_Services.TC_Services_DHCPServer">
    <failure type="java.lang.AssertionError" message="FAIL- Verification Failed!!!DHCPDomainInvalidWarning-TC_Services_DHCPServer-testCase_verifyDHCPServerDefaultDomainFieldValidation">
      <![CDATA[java.lang.AssertionError: FAIL- Verification Failed!!!DHCPDomainInvalidWarning-TC_Services_DHCPServer-testCase_verifyDHCPServerDefaultDomainFieldValidation
	at org.testng.Assert.fail(Assert.java:89)
	at com.xirrus.xms.locallib.LocalLib.verifyStringequals(LocalLib.java:128)
	at com.xirrus.xms.TS_Array_Services.TC_Services_DHCPServer.testCase_verifyDHCPServerDefaultDomainFieldValidation(TC_Services_DHCPServer.java:1566)
	at sun.reflect.NativeMethodAccessorImpl.invoke0(Native Method)
	at sun.reflect.NativeMethodAccessorImpl.invoke(NativeMethodAccessorImpl.java:57)
	at sun.reflect.DelegatingMethodAccessorImpl.invoke(DelegatingMethodAccessorImpl.java:43)
	at java.lang.reflect.Method.invoke(Method.java:606)
	at org.testng.internal.MethodInvocationHelper.invokeMethod(MethodInvocationHelper.java:74)
	at org.testng.internal.Invoker.invokeMethod(Invoker.java:673)
	at org.testng.internal.Invoker.invokeTestMethod(Invoker.java:846)
	at org.testng.internal.Invoker.invokeTestMethods(Invoker.java:1170)
	at org.testng.internal.TestMethodWorker.invokeTestMethods(TestMethodWorker.java:125)
	at org.testng.internal.TestMethodWorker.run(TestMethodWorker.java:109)
	at org.testng.TestRunner.runWorkers(TestRunner.java:1125)
	at org.testng.TestRunner.privateRun(TestRunner.java:749)
	at org.testng.TestRunner.run(TestRunner.java:600)
	at org.testng.SuiteRunner.runTest(SuiteRunner.java:317)
	at org.testng.SuiteRunner.runSequentially(SuiteRunner.java:312)
	at org.testng.SuiteRunner.privateRun(SuiteRunner.java:274)
	at org.testng.SuiteRunner.run(SuiteRunner.java:223)
	at org.testng.SuiteRunnerWorker.runSuite(SuiteRunnerWorker.java:52)
	at org.testng.SuiteRunnerWorker.run(SuiteRunnerWorker.java:86)
	at org.testng.TestNG.runSuitesSequentially(TestNG.java:965)
	at org.testng.TestNG.runSuitesSequentially(TestNG.java:961)
	at org.testng.TestNG.runSuitesLocally(TestNG.java:890)
	at org.testng.TestNG.run(TestNG.java:824)
	at org.testng.TestNG.privateMain(TestNG.java:1128)
	at org.testng.TestNG.main(TestNG.java:1092)
]]>
    </failure>
  </testcase>
  <testcase name="testCase_verifyDHCPServerEndIPRangeFieldValidation" time="40.809" classname="com.xirrus.xms.TS_Array_Services.TC_Services_DHCPServer"/>
  <testcase name="testCase_verifyDHCPServerGatewayFieldValidation" time="16.918" classname="com.xirrus.xms.TS_Array_Services.TC_Services_DHCPServer"/>
  <testcase name="testCase_verifyEditDHCPServer" time="228.482" classname="com.xirrus.xms.TS_Array_Services.TC_Services_DHCPServer"/>
  <testcase name="testCase_verifyDHCPServerDefaultLeaseFieldValidation" time="6.472" classname="com.xirrus.xms.TS_Array_Services.TC_Services_DHCPServer"/>
  <testcase name="testCase_verifyDHCPServerMaxLeaseFieldValidation" time="6.486" classname="com.xirrus.xms.TS_Array_Services.TC_Services_DHCPServer"/>
  <testcase name="testCase_verifyDHCPServerDefaultDNSServer3FieldValidation" time="15.954" classname="com.xirrus.xms.TS_Array_Services.TC_Services_DHCPServer"/>
  <testcase name="testCase_verifyDHCPServerDefaultDNSServer1FieldValidation" time="6.580" classname="com.xirrus.xms.TS_Array_Services.TC_Services_DHCPServer"/>
  <testcase name="testCase_verifyDHCPServerDefaultDNSServer2FieldValidation" time="16.028" classname="com.xirrus.xms.TS_Array_Services.TC_Services_DHCPServer"/>
  <testcase name="testCase_verifyDHCPServerStartIPRangeFieldValidation" time="17.823" classname="com.xirrus.xms.TS_Array_Services.TC_Services_DHCPServer"/>
  <testcase name="testCase_verifyDHCPServerDefaultSubnetMaskFieldValidation" time="9.219" classname="com.xirrus.xms.TS_Array_Services.TC_Services_DHCPServer"/>
  <testcase name="testCase_verifyAddDHCPServer" time="208.742" classname="com.xirrus.xms.TS_Array_Services.TC_Services_DHCPServer"/>
  <testcase name="testCase_verifyDeleteDHCPServer" time="59.177" classname="com.xirrus.xms.TS_Array_Services.TC_Services_DHCPServer"/>
  <testcase name="testCase_verifyDHCPServerNameFieldValidation" time="6.042" classname="com.xirrus.xms.TS_Array_Services.TC_Services_DHCPServer"/>
  <testcase name="testCase_verifyDHCPServerDefaultValues" time="25.817" classname="com.xirrus.xms.TS_Array_Services.TC_Services_DHCPServer"/>
</testsuite>
