<?xml version="1.0" encoding="UTF-8"?>
<!-- Generated by org.testng.reporters.JUnitReportReporter -->
<testsuite hostname="ANasser-8470p" name="com.xirrus.xms.TS_Array_Security.TC_Security_GlobalSettings_WEP" tests="10" failures="0" timestamp="25 Mar 2015 18:14:26 GMT" time="0.000" errors="10">
  <testcase name="testCase_VerifyWEPEncryptionKey4SetValue" time="0.000" classname="com.xirrus.xms.TS_Array_Security.TC_Security_GlobalSettings_WEP"/>
  <testcase name="testCase_VerifyWEPDefaultKeySetValue" time="0.000" classname="com.xirrus.xms.TS_Array_Security.TC_Security_GlobalSettings_WEP"/>
  <testcase name="testCase_VerifyWEPEncryptionKey2DefaultValue" time="0.000" classname="com.xirrus.xms.TS_Array_Security.TC_Security_GlobalSettings_WEP"/>
  <testcase name="testCase_VerifyWEPEncryptionKey3SetValue" time="0.000" classname="com.xirrus.xms.TS_Array_Security.TC_Security_GlobalSettings_WEP"/>
  <testcase name="testCase_VerifyWEPEncryptionKey1DefaultValue" time="0.000" classname="com.xirrus.xms.TS_Array_Security.TC_Security_GlobalSettings_WEP"/>
  <testcase name="testCase_VerifyWEPEncryptionKey1SetValue" time="0.000" classname="com.xirrus.xms.TS_Array_Security.TC_Security_GlobalSettings_WEP"/>
  <testcase name="testCase_VerifyWEPEncryptionKey3DefaultValue" time="0.000" classname="com.xirrus.xms.TS_Array_Security.TC_Security_GlobalSettings_WEP"/>
  <testcase name="testCase_VerifyWEPEncryptionKey2SetValue" time="0.000" classname="com.xirrus.xms.TS_Array_Security.TC_Security_GlobalSettings_WEP"/>
  <testcase name="testCase_VerifyWEPEncryptionKey4DefaultValue" time="0.000" classname="com.xirrus.xms.TS_Array_Security.TC_Security_GlobalSettings_WEP"/>
  <testcase name="testCase_VerifyWEPDefaultKeyDefaultValue" time="0.000" classname="com.xirrus.xms.TS_Array_Security.TC_Security_GlobalSettings_WEP"/>
</testsuite>
