<?xml version="1.0" encoding="UTF-8"?>
<!-- Generated by org.testng.reporters.JUnitReportReporter -->
<testsuite hostname="ANasser-8470p" name="com.xirrus.xms.TS_Array_General.TC_GeneralSett_Contact" tests="5" failures="0" timestamp="25 Mar 2015 18:14:26 GMT" time="181.988" errors="0">
  <testcase name="testCase_VerifydefaultAdminContactvalue" time="7.739" classname="com.xirrus.xms.TS_Array_General.TC_GeneralSett_Contact"/>
  <testcase name="testCase_VerifyAdminContactEditValue" time="40.111" classname="com.xirrus.xms.TS_Array_General.TC_GeneralSett_Contact"/>
  <testcase name="testCase_VerifyAdminContactSetValue" time="40.214" classname="com.xirrus.xms.TS_Array_General.TC_GeneralSett_Contact"/>
  <testcase name="testCase_VerifyAdminContactEmptyValue" time="38.034" classname="com.xirrus.xms.TS_Array_General.TC_GeneralSett_Contact"/>
  <testcase name="testCase_VerifyAdminContactFieldvalidation" time="55.890" classname="com.xirrus.xms.TS_Array_General.TC_GeneralSett_Contact"/>
</testsuite>
