<?xml version="1.0" encoding="UTF-8"?>
<!-- Generated by org.testng.reporters.JUnitReportReporter -->
<testsuite hostname="ANasser-8470p" name="com.xirrus.xms.TS_Array_Security.TC_Security_GlobalSettings_WPA" tests="21" failures="1" timestamp="25 Mar 2015 18:14:26 GMT" time="141.544" errors="0">
  <testcase name="testCase_VerifyWPAGroupRekeyEnabledDefaultValue" time="3.132" classname="com.xirrus.xms.TS_Array_Security.TC_Security_GlobalSettings_WPA"/>
  <testcase name="testCase_VerifyWPAEAPDefaultValue" time="3.142" classname="com.xirrus.xms.TS_Array_Security.TC_Security_GlobalSettings_WPA"/>
  <testcase name="testCase_VerifyWPAPresharedKeyEditValue" time="3.090" classname="com.xirrus.xms.TS_Array_Security.TC_Security_GlobalSettings_WPA"/>
  <testcase name="testCase_VerifyWPAGroupRekeyTimeEditValue" time="3.151" classname="com.xirrus.xms.TS_Array_Security.TC_Security_GlobalSettings_WPA"/>
  <testcase name="testCase_VerifyWPAAESEnabledValue" time="3.157" classname="com.xirrus.xms.TS_Array_Security.TC_Security_GlobalSettings_WPA"/>
  <testcase name="testCase_VerifyWPATKIPEnabledYESValue" time="3.149" classname="com.xirrus.xms.TS_Array_Security.TC_Security_GlobalSettings_WPA"/>
  <testcase name="testCase_VerifyWPATKIPEnabledDefaultValue" time="3.130" classname="com.xirrus.xms.TS_Array_Security.TC_Security_GlobalSettings_WPA"/>
  <testcase name="testCase_VerifyRADIUSServerModeInternal" time="40.549" classname="com.xirrus.xms.TS_Array_Security.TC_Security_GlobalSettings_WPA"/>
  <testcase name="testCase_VerifyWPAPresharedKeyDefaultValue" time="3.107" classname="com.xirrus.xms.TS_Array_Security.TC_Security_GlobalSettings_WPA"/>
  <testcase name="testCase_VerifyWPAAuthenticationPSKEditValue" time="3.150" classname="com.xirrus.xms.TS_Array_Security.TC_Security_GlobalSettings_WPA"/>
  <testcase name="testCase_VerifyWPAAESEnabledNOValue" time="4.274" classname="com.xirrus.xms.TS_Array_Security.TC_Security_GlobalSettings_WPA"/>
  <testcase name="testCase_VerifyWPAAuthenticationEAPValue" time="3.119" classname="com.xirrus.xms.TS_Array_Security.TC_Security_GlobalSettings_WPA"/>
  <testcase name="testCase_VerifyRADIUSServerModeExternal" time="40.516" classname="com.xirrus.xms.TS_Array_Security.TC_Security_GlobalSettings_WPA"/>
  <testcase name="testCase_VerifyWPATKIPEnabledValue" time="3.146" classname="com.xirrus.xms.TS_Array_Security.TC_Security_GlobalSettings_WPA"/>
  <testcase name="testCase_VerifyWPAPresharedKeySetValue" time="3.081" classname="com.xirrus.xms.TS_Array_Security.TC_Security_GlobalSettings_WPA"/>
  <testcase name="testCase_VerifyWPAGroupRekeyTimeSetValue" time="0.225" classname="com.xirrus.xms.TS_Array_Security.TC_Security_GlobalSettings_WPA">
    <failure type="java.lang.AssertionError" message="FAIL- Verification Failed!!!WPAGroupRekeyEnabled-TC_Security_GlobalSettings_WPA-testCase_VerifyWPAGroupRekeyTimeSetValue">
      <![CDATA[java.lang.AssertionError: FAIL- Verification Failed!!!WPAGroupRekeyEnabled-TC_Security_GlobalSettings_WPA-testCase_VerifyWPAGroupRekeyTimeSetValue
	at org.testng.Assert.fail(Assert.java:89)
	at com.xirrus.xms.locallib.LocalLib.verifyStringequals(LocalLib.java:128)
	at com.xirrus.xms.TS_Array_Security.TC_Security_GlobalSettings_WPA.testCase_VerifyWPAGroupRekeyTimeSetValue(TC_Security_GlobalSettings_WPA.java:713)
	at sun.reflect.NativeMethodAccessorImpl.invoke0(Native Method)
	at sun.reflect.NativeMethodAccessorImpl.invoke(NativeMethodAccessorImpl.java:57)
	at sun.reflect.DelegatingMethodAccessorImpl.invoke(DelegatingMethodAccessorImpl.java:43)
	at java.lang.reflect.Method.invoke(Method.java:606)
	at org.testng.internal.MethodInvocationHelper.invokeMethod(MethodInvocationHelper.java:74)
	at org.testng.internal.Invoker.invokeMethod(Invoker.java:673)
	at org.testng.internal.Invoker.invokeTestMethod(Invoker.java:846)
	at org.testng.internal.Invoker.invokeTestMethods(Invoker.java:1170)
	at org.testng.internal.TestMethodWorker.invokeTestMethods(TestMethodWorker.java:125)
	at org.testng.internal.TestMethodWorker.run(TestMethodWorker.java:109)
	at org.testng.TestRunner.runWorkers(TestRunner.java:1125)
	at org.testng.TestRunner.privateRun(TestRunner.java:749)
	at org.testng.TestRunner.run(TestRunner.java:600)
	at org.testng.SuiteRunner.runTest(SuiteRunner.java:317)
	at org.testng.SuiteRunner.runSequentially(SuiteRunner.java:312)
	at org.testng.SuiteRunner.privateRun(SuiteRunner.java:274)
	at org.testng.SuiteRunner.run(SuiteRunner.java:223)
	at org.testng.SuiteRunnerWorker.runSuite(SuiteRunnerWorker.java:52)
	at org.testng.SuiteRunnerWorker.run(SuiteRunnerWorker.java:86)
	at org.testng.TestNG.runSuitesSequentially(TestNG.java:965)
	at org.testng.TestNG.runSuitesSequentially(TestNG.java:961)
	at org.testng.TestNG.runSuitesLocally(TestNG.java:890)
	at org.testng.TestNG.run(TestNG.java:824)
	at org.testng.TestNG.privateMain(TestNG.java:1128)
	at org.testng.TestNG.main(TestNG.java:1092)
]]>
    </failure>
  </testcase>
  <testcase name="testCase_VerifyWPAGroupRekeyEnabledYESValue" time="0.060" classname="com.xirrus.xms.TS_Array_Security.TC_Security_GlobalSettings_WPA"/>
  <testcase name="testCase_VerifyWPAPSKDefaultValue" time="3.936" classname="com.xirrus.xms.TS_Array_Security.TC_Security_GlobalSettings_WPA"/>
  <testcase name="testCase_VerifyWPAAuthenticationPSKValue" time="3.152" classname="com.xirrus.xms.TS_Array_Security.TC_Security_GlobalSettings_WPA"/>
  <testcase name="testCase_VerifyRADIUSServerModeDefaultValue" time="8.075" classname="com.xirrus.xms.TS_Array_Security.TC_Security_GlobalSettings_WPA"/>
  <testcase name="testCase_VerifyWPAAESEnabledDefaultValue" time="3.203" classname="com.xirrus.xms.TS_Array_Security.TC_Security_GlobalSettings_WPA"/>
</testsuite>
