<?xml version="1.0" encoding="UTF-8"?>
<!-- Generated by org.testng.reporters.JUnitReportReporter -->
<testsuite hostname="ANasser-8470p" name="com.xirrus.xms.TS_Array_General.TC_GeneralSett_Location" tests="5" failures="0" timestamp="25 Mar 2015 18:14:26 GMT" time="182.964" errors="0">
  <testcase name="testCase_VerifyLocationInfoFieldvalidation" time="55.600" classname="com.xirrus.xms.TS_Array_General.TC_GeneralSett_Location"/>
  <testcase name="testCase_VerifyLocationInfoEditValue" time="40.660" classname="com.xirrus.xms.TS_Array_General.TC_GeneralSett_Location"/>
  <testcase name="testCase_VerifyLocationInfoSetValue" time="40.448" classname="com.xirrus.xms.TS_Array_General.TC_GeneralSett_Location"/>
  <testcase name="testCase_VerifydefaultLocationInfovalue" time="7.411" classname="com.xirrus.xms.TS_Array_General.TC_GeneralSett_Location"/>
  <testcase name="testCase_VerifyLocationInfoEmptyValue" time="38.845" classname="com.xirrus.xms.TS_Array_General.TC_GeneralSett_Location"/>
</testsuite>
