<?xml version="1.0" encoding="UTF-8"?>
<!-- Generated by org.testng.reporters.JUnitReportReporter -->
<testsuite hostname="ANasser-8470p" name="com.xirrus.xms.TS_Array_VLAN.TC_VLAN_EditVLANs" tests="4" failures="0" timestamp="25 Mar 2015 18:14:26 GMT" time="1297.156" errors="0">
  <testcase name="testCase_VerifyEditMultipleVLANs" time="85.128" classname="com.xirrus.xms.TS_Array_VLAN.TC_VLAN_EditVLANs"/>
  <testcase name="testCase_VerifyUpdatedFirstVLANValues" time="456.601" classname="com.xirrus.xms.TS_Array_VLAN.TC_VLAN_EditVLANs"/>
  <testcase name="testCase_VerifyAddSingleVLAN" time="503.648" classname="com.xirrus.xms.TS_Array_VLAN.TC_VLAN_EditVLANs"/>
  <testcase name="testCase_VerifyUpdatedSecondVLANValues" time="251.779" classname="com.xirrus.xms.TS_Array_VLAN.TC_VLAN_EditVLANs"/>
</testsuite>
