<?xml version="1.0" encoding="UTF-8"?>
<!-- Generated by org.testng.reporters.JUnitReportReporter -->
<testsuite hostname="ANasser-8470p" name="com.xirrus.xms.TS_Profile_General.TC_GeneralSett_Email" tests="5" failures="0" timestamp="26 Jan 2015 19:51:11 GMT" time="75.583" errors="0">
  <testcase name="testCase_VerifyAdminEmailEmptyValue" time="23.763" classname="com.xirrus.xms.TS_Profile_General.TC_GeneralSett_Email"/>
  <testcase name="testCase_VerifyAdminEmailEditValue" time="23.998" classname="com.xirrus.xms.TS_Profile_General.TC_GeneralSett_Email"/>
  <testcase name="testCase_VerifydefaultAdminEmailvalue" time="4.002" classname="com.xirrus.xms.TS_Profile_General.TC_GeneralSett_Email"/>
  <testcase name="testCase_VerifyAdminEmailFieldvalidation" time="0.000" classname="com.xirrus.xms.TS_Profile_General.TC_GeneralSett_Email"/>
  <testcase name="testCase_VerifyAdminEmailSetValue" time="23.820" classname="com.xirrus.xms.TS_Profile_General.TC_GeneralSett_Email"/>
</testsuite> <!-- com.xirrus.xms.TS_Profile_General.TC_GeneralSett_Email -->
