<?xml version="1.0" encoding="UTF-8"?>
<!-- Generated by org.testng.reporters.JUnitReportReporter -->
<testsuite hostname="ANasser-8470p" name="com.xirrus.xms.TS_Configure_Profile_Menu.TC_Profile_Select_Columns" tests="1" failures="0" timestamp="26 Jan 2015 19:51:11 GMT" time="0.000" errors="0">
  <testcase name="testCase_C1" time="0.000" classname="com.xirrus.xms.TS_Configure_Profile_Menu.TC_Profile_Select_Columns"/>
</testsuite> <!-- com.xirrus.xms.TS_Configure_Profile_Menu.TC_Profile_Select_Columns -->
