<?xml version="1.0" encoding="UTF-8"?>
<!-- Generated by org.testng.reporters.JUnitReportReporter -->
<testsuite hostname="ANasser-8470p" name="com.xirrus.xms.TS_Profile_General.TC_GeneralSett_Phone" tests="5" failures="0" timestamp="26 Jan 2015 19:51:11 GMT" time="75.542" errors="0">
  <testcase name="testCase_VerifyAdminPhoneEditValue" time="23.926" classname="com.xirrus.xms.TS_Profile_General.TC_GeneralSett_Phone"/>
  <testcase name="testCase_VerifyAdminPhoneSetValue" time="23.824" classname="com.xirrus.xms.TS_Profile_General.TC_GeneralSett_Phone"/>
  <testcase name="testCase_VerifyAdminPhoneFieldValidation" time="0.010" classname="com.xirrus.xms.TS_Profile_General.TC_GeneralSett_Phone"/>
  <testcase name="testCase_VerifyAdminPhoneEmptyValue" time="23.808" classname="com.xirrus.xms.TS_Profile_General.TC_GeneralSett_Phone"/>
  <testcase name="testCase_VerifydefaultAdminPhoneValue" time="3.974" classname="com.xirrus.xms.TS_Profile_General.TC_GeneralSett_Phone"/>
</testsuite> <!-- com.xirrus.xms.TS_Profile_General.TC_GeneralSett_Phone -->
