<?xml version="1.0" encoding="UTF-8"?>
<!-- Generated by org.testng.reporters.JUnitReportReporter -->
<testsuite hostname="ANasser-8470p" name="com.xirrus.xms.TS_Profile_General.TC_GeneralSett_Contact" tests="5" failures="0" timestamp="26 Jan 2015 19:51:11 GMT" time="97.136" errors="0">
  <testcase name="testCase_VerifyAdminContactEditValue" time="25.648" classname="com.xirrus.xms.TS_Profile_General.TC_GeneralSett_Contact"/>
  <testcase name="testCase_VerifydefaultAdminContactvalue" time="21.924" classname="com.xirrus.xms.TS_Profile_General.TC_GeneralSett_Contact"/>
  <testcase name="testCase_VerifyAdminContactSetValue" time="25.602" classname="com.xirrus.xms.TS_Profile_General.TC_GeneralSett_Contact"/>
  <testcase name="testCase_VerifyAdminContactFieldvalidation" time="0.000" classname="com.xirrus.xms.TS_Profile_General.TC_GeneralSett_Contact"/>
  <testcase name="testCase_VerifyAdminContactEmptyValue" time="23.962" classname="com.xirrus.xms.TS_Profile_General.TC_GeneralSett_Contact"/>
</testsuite> <!-- com.xirrus.xms.TS_Profile_General.TC_GeneralSett_Contact -->
