<?xml version="1.0" encoding="UTF-8"?>
<!-- Generated by org.testng.reporters.JUnitReportReporter -->
<testsuite hostname="ANasser-8470p" name="com.xirrus.xms.TS_Profile_Network.TC_Network_LLDP" tests="1" failures="0" timestamp="26 Jan 2015 19:51:11 GMT" time="65.480" errors="0">
  <testcase name="testCase_C1" time="65.480" classname="com.xirrus.xms.TS_Profile_Network.TC_Network_LLDP"/>
</testsuite> <!-- com.xirrus.xms.TS_Profile_Network.TC_Network_LLDP -->
